<?xml version="1.0" encoding="UTF-8"?>
<!-- Generated by org.testng.reporters.JUnitReportReporter -->
<testsuite hostname="DESKTOP-3BAVB4Q" failures="0" tests="5" name="PageRepo.HomePage" time="43.816" errors="0" timestamp="2022-05-12T15:03:06 IST" skipped="0">
  <testcase classname="PageRepo.HomePage" name="navigation_To_Site" time="2.378"/>
  <system-out/>
  <testcase classname="PageRepo.HomePage" name="url_Matching" time="0.043"/>
  <system-out/>
  <testcase classname="PageRepo.HomePage" name="verify_Search" time="20.763"/>
  <system-out/>
  <testcase classname="PageRepo.HomePage" name="verify_Search" time="20.182"/>
  <system-out/>
  <testcase classname="PageRepo.HomePage" name="browser_Closure" time="0.450"/>
  <system-out/>
</testsuite> <!-- PageRepo.HomePage -->
